mylibrary/build/intermediates/manifest_merge_blame_file/debug/manifest-merger-blame-debug-report.txt
1<?xml version="1.0" encoding="utf-8"?>
2<manifest xmlns:android="http://schemas.android.com/apk/res/android"
3    package="gaming178.com.mylibrary"
4    android:versionCode="1"
5    android:versionName="1.0" >
6
7    <uses-sdk
8        android:minSdkVersion="14"
8-->src\main\AndroidManifest.xml
9        android:targetSdkVersion="26" />
9-->src\main\AndroidManifest.xml
10
11    <application
11-->src\main\AndroidManifest.xml:3:5-12:19
12        android:allowBackup="true"
12-->src\main\AndroidManifest.xml:3:18-44
13        android:label="@string/app_name" >
13-->src\main\AndroidManifest.xml:3:45-77
14        <activity android:name="gaming178.com.mylibrary.myview.miscwidgets.Test" />
14-->src\main\AndroidManifest.xml:4:5-79
14-->src\main\AndroidManifest.xml:4:15-77
15        <activity android:name="gaming178.com.mylibrary.myview.miscwidgets.TestCustomTitle" />
15-->src\main\AndroidManifest.xml:5:9-94
15-->src\main\AndroidManifest.xml:5:19-92
16        <activity android:name="gaming178.com.mylibrary.myview.miscwidgets.TestPanels" />
16-->src\main\AndroidManifest.xml:6:9-89
16-->src\main\AndroidManifest.xml:6:19-87
17        <activity android:name="gaming178.com.mylibrary.myview.miscwidgets.TestInterpolators" />
17-->src\main\AndroidManifest.xml:7:9-96
17-->src\main\AndroidManifest.xml:7:19-94
18        <activity android:name="gaming178.com.mylibrary.myview.miscwidgets.TestSmoothButton" />
18-->src\main\AndroidManifest.xml:8:9-95
18-->src\main\AndroidManifest.xml:8:19-93
19        <activity android:name="gaming178.com.mylibrary.myview.miscwidgets.TestSwitcher" />
19-->src\main\AndroidManifest.xml:9:9-91
19-->src\main\AndroidManifest.xml:9:19-89
20        <activity android:name="gaming178.com.mylibrary.myview.miscwidgets.TestTheme" />
20-->src\main\AndroidManifest.xml:10:9-88
20-->src\main\AndroidManifest.xml:10:19-86
21    </application>
22
23</manifest>